<?xml version="1.0" encoding="UTF-8"?>
<!-- Generated by org.testng.reporters.JUnitXMLReporter -->
<testsuite hostname="DESKTOP-B2FJINH" ignored="6" tests="0" failures="0" timestamp="2020-02-29T03:41:14 EET" time="0.014" errors="0">
  <testcase name="logoIsDisplayedOrNot" time="0.0" classname="com.freeCrm.testcases.logInPageTest">
    <ignored/>
  </testcase> <!-- logoIsDisplayedOrNot -->
  <testcase name="clickOnContact" time="0.0" classname="com.freeCrm.testcases.homePage">
    <ignored/>
  </testcase> <!-- clickOnContact -->
  <testcase name="title" time="0.0" classname="com.freeCrm.testcases.logInPageTest">
    <ignored/>
  </testcase> <!-- title -->
  <testcase name="nameIsdispalyedorNot" time="0.0" classname="com.freeCrm.testcases.homePage">
    <ignored/>
  </testcase> <!-- nameIsdispalyedorNot -->
  <testcase name="urlcheck" time="0.0" classname="com.freeCrm.testcases.logInPageTest">
    <ignored/>
  </testcase> <!-- urlcheck -->
  <testcase name="loginTestCases" time="0.0" classname="com.freeCrm.testcases.logInPageTest">
    <ignored/>
  </testcase> <!-- loginTestCases -->
</testsuite>
